FXC : warning X4717: Effects deprecated for D3DCompiler_47
  
  compilation object save succeeded; see C:\NSLT_3D\Client\Bin\Shader_VtxAnimMesh.cso
FXC : warning X4717: Effects deprecated for D3DCompiler_47
  
  compilation object save succeeded; see C:\NSLT_3D\Client\Bin\Shader_VtxCube.cso
FXC : warning X4717: Effects deprecated for D3DCompiler_47
  
  compilation object save succeeded; see C:\NSLT_3D\Client\Bin\Shader_VtxMesh.cso
FXC : warning X4717: Effects deprecated for D3DCompiler_47
  
  compilation object save succeeded; see C:\NSLT_3D\Client\Bin\Shader_VtxNorTex.cso
FXC : warning X4717: Effects deprecated for D3DCompiler_47
  
  compilation object save succeeded; see C:\NSLT_3D\Client\Bin\Shader_VtxPosTex.cso
  stdafx.cpp
  Body_Player.cpp
  ImGui_Manager.cpp
C:\NSLT_3D\Client\Private\ImGui_Manager.cpp(416,40): warning C4267: '인수': 'size_t'에서 'DWORD'(으)로 변환하면서 데이터가 손실될 수 있습니다.
  (소스 파일 '/Private/ImGui_Manager.cpp'을(를) 컴파일하는 중)
  
C:\Program Files\Microsoft Visual Studio\2022\Community\VC\Tools\MSVC\14.39.33519\include\xutility(4537,18): warning C4244: '=': 'const wchar_t'에서 'char'(으)로 변환하면서 데이터가 손실될 수 있습니다.
  (소스 파일 '/Private/ImGui_Manager.cpp'을(를) 컴파일하는 중)
  C:\Program Files\Microsoft Visual Studio\2022\Community\VC\Tools\MSVC\14.39.33519\include\xutility(4537,18):
  템플릿 인스턴스화 컨텍스트(가장 오래된 인스턴스화 컨텍스트)가
  	C:\NSLT_3D\Client\Private\ImGui_Manager.cpp(195,20):
  	컴파일되는 함수 템플릿 인스턴스화 'std::basic_string<char,std::char_traits<char>,std::allocator<char>>::basic_string<std::_String_const_iterator<std::_String_val<std::_Simple_types<_Elem>>>,0>(_Iter,_Iter,const _Alloc &)'에 대한 참조를 확인하세요.
          with
          [
              _Elem=wchar_t,
              _Iter=std::_String_const_iterator<std::_String_val<std::_Simple_types<wchar_t>>>,
              _Alloc=std::allocator<char>
          ]
  		C:\NSLT_3D\Client\Private\ImGui_Manager.cpp(195,20):
  		'Client::CImGui_Manager::ImGui_MapTool'에서 'std::basic_string<char,std::char_traits<char>,std::allocator<char>>::basic_string'에 대한 첫 번째 참조를 확인하세요.
  	C:\Program Files\Microsoft Visual Studio\2022\Community\VC\Tools\MSVC\14.39.33519\include\xstring(2600,17):
  	컴파일되는 함수 템플릿 인스턴스화 'void std::basic_string<char,std::char_traits<char>,std::allocator<char>>::_Construct_from_iter<const wchar_t*,const wchar_t*,_Size_type>(_Iter,const _Sent,_Size)'에 대한 참조를 확인하세요.
          with
          [
              _Size_type=unsigned __int64,
              _Iter=const wchar_t *,
              _Sent=const wchar_t *,
              _Size=unsigned __int64
          ]
  	C:\Program Files\Microsoft Visual Studio\2022\Community\VC\Tools\MSVC\14.39.33519\include\xstring(2756,18):
  	컴파일되는 함수 템플릿 인스턴스화 '_OutIt *std::_Copy_n_unchecked4<const wchar_t*,_Size,char*>(_InIt,_SizeTy,_OutIt)'에 대한 참조를 확인하세요.
          with
          [
              _OutIt=char *,
              _Size=unsigned __int64,
              _InIt=const wchar_t *,
              _SizeTy=unsigned __int64
          ]
  
  Loading_BG.cpp
  Camera_Free.cpp
  Level_GamePlay.cpp
  Level_Loading.cpp
  Level_Main.cpp
  Loader.cpp
  Loading_Gear.cpp
C:\NSLT_3D\Client\Private\Loading_Gear.cpp(58,25): warning C4244: '-=': 'double'에서 'Engine::_int'(으)로 변환하면서 데이터가 손실될 수 있습니다.
  (소스 파일 '/Private/Loading_Gear.cpp'을(를) 컴파일하는 중)
  
  Loading_Logo.cpp
  MainApp.cpp
  Main_NSLT.cpp
  ModelObjects.cpp
C:\NSLT_3D\Client\Private\ModelObjects.cpp(146,39): warning C4267: '인수': 'size_t'에서 'DWORD'(으)로 변환하면서 데이터가 손실될 수 있습니다.
  (소스 파일 '/Private/ModelObjects.cpp'을(를) 컴파일하는 중)
  
  Monster.cpp
C:\NSLT_3D\Client\private\Monster.cpp(32,94): warning C4244: '인수': 'int'에서 'float'(으)로 변환하면서 데이터가 손실될 수 있습니다.
  (소스 파일 '/private/Monster.cpp'을(를) 컴파일하는 중)
  
C:\NSLT_3D\Client\private\Monster.cpp(32,76): warning C4244: '인수': 'int'에서 'float'(으)로 변환하면서 데이터가 손실될 수 있습니다.
  (소스 파일 '/private/Monster.cpp'을(를) 컴파일하는 중)
  
  Player.cpp
  Sky.cpp
  Terrain.cpp
  UI_Clover_Check.cpp
  UI_Clover_L.cpp
  UI_Clover_Paw.cpp
  컴파일하고 있습니다...
  UI_Clover_Question.cpp
  UI_Coins.cpp
  UI_Heart_Filling.cpp
  UI_Heart_Outline.cpp
  UI_Lives.cpp
  GraphEditor.cpp
  ImCurveEdit.cpp
  ImGradient.cpp
  ImGuizmo.cpp
  ImSequencer.cpp
  imgui.cpp
  imgui_demo.cpp
  imgui_draw.cpp
  imgui_impl_dx11.cpp
  imgui_impl_win32.cpp
  imgui_tables.cpp
  imgui_widgets.cpp
  Client.cpp
  Stage1_BG.cpp
  코드를 생성하고 있습니다.
  Previous IPDB not found, fall back to full compilation.
  All 2622 functions were compiled because no usable IPDB/IOBJ from previous compilation was found.
  코드를 생성했습니다.
  Client.vcxproj -> C:\NSLT_3D\Client\Bin\Client.exe
