d:\정의훈\143\3d\framework\engine\default\x64\release\vc140.pdb
d:\정의훈\143\3d\framework\engine\default\x64\release\engien_struct.obj
d:\정의훈\143\3d\framework\engine\default\x64\release\vibuffer_rect.obj
d:\정의훈\143\3d\framework\engine\default\x64\release\vibuffer.obj
d:\정의훈\143\3d\framework\engine\default\x64\release\transform.obj
d:\정의훈\143\3d\framework\engine\default\x64\release\timer_manager.obj
d:\정의훈\143\3d\framework\engine\default\x64\release\timer.obj
d:\정의훈\143\3d\framework\engine\default\x64\release\shader.obj
d:\정의훈\143\3d\framework\engine\default\x64\release\renderer.obj
d:\정의훈\143\3d\framework\engine\default\x64\release\object_manager.obj
d:\정의훈\143\3d\framework\engine\default\x64\release\level_manager.obj
d:\정의훈\143\3d\framework\engine\default\x64\release\level.obj
d:\정의훈\143\3d\framework\engine\default\x64\release\layer.obj
d:\정의훈\143\3d\framework\engine\default\x64\release\graphic_device.obj
d:\정의훈\143\3d\framework\engine\default\x64\release\gameobject.obj
d:\정의훈\143\3d\framework\engine\default\x64\release\gameinstance.obj
d:\정의훈\143\3d\framework\engine\default\x64\release\component_manager.obj
d:\정의훈\143\3d\framework\engine\default\x64\release\component.obj
d:\정의훈\143\3d\framework\engine\default\x64\release\base.obj
d:\정의훈\143\3d\framework\engine\bin\engine.lib
d:\정의훈\143\3d\framework\engine\bin\engine.exp
d:\정의훈\143\3d\framework\engine\bin\engine.dll
d:\정의훈\143\3d\framework\engine\bin\engine.ipdb
d:\정의훈\143\3d\framework\engine\bin\engine.iobj
d:\정의훈\143\3d\framework\engine\bin\engine.pdb
c:\nslt_3d\engine\default\x64\release\base.obj
c:\nslt_3d\engine\default\x64\release\component.obj
c:\nslt_3d\engine\default\x64\release\component_manager.obj
c:\nslt_3d\engine\default\x64\release\engien_struct.obj
c:\nslt_3d\engine\default\x64\release\gameinstance.obj
c:\nslt_3d\engine\default\x64\release\gameobject.obj
c:\nslt_3d\engine\default\x64\release\graphic_device.obj
c:\nslt_3d\engine\default\x64\release\layer.obj
c:\nslt_3d\engine\default\x64\release\level.obj
c:\nslt_3d\engine\default\x64\release\level_manager.obj
c:\nslt_3d\engine\default\x64\release\object_manager.obj
c:\nslt_3d\engine\default\x64\release\renderer.obj
c:\nslt_3d\engine\default\x64\release\shader.obj
c:\nslt_3d\engine\default\x64\release\timer.obj
c:\nslt_3d\engine\default\x64\release\timer_manager.obj
c:\nslt_3d\engine\default\x64\release\transform.obj
c:\nslt_3d\engine\default\x64\release\vibuffer.obj
c:\nslt_3d\engine\default\x64\release\vibuffer_rect.obj
c:\nslt_3d\engine\default\x64\release\vc140.pdb
c:\nslt_3d\engine\bin\engine.dll
c:\nslt_3d\engine\default\x64\release\engine.tlog\cl.command.1.tlog
c:\nslt_3d\engine\default\x64\release\engine.tlog\cl.read.1.tlog
c:\nslt_3d\engine\default\x64\release\engine.tlog\cl.write.1.tlog
c:\nslt_3d\engine\default\x64\release\engine.tlog\engine.write.1u.tlog
c:\nslt_3d\engine\default\x64\release\engine.tlog\link.command.1.tlog
c:\nslt_3d\engine\default\x64\release\engine.tlog\link.read.1.tlog
c:\nslt_3d\engine\default\x64\release\engine.tlog\link.write.1.tlog
