c:\nslt_3d\client\default\x64\debug\client.pch
c:\nslt_3d\client\default\x64\debug\vc143.pdb
c:\nslt_3d\client\default\x64\debug\vc143.idb
c:\nslt_3d\client\default\x64\debug\stdafx.obj
c:\nslt_3d\client\default\x64\debug\loading_bg.obj
c:\nslt_3d\client\default\x64\debug\level_puzzle.obj
c:\nslt_3d\client\default\x64\debug\level_boss.obj
c:\nslt_3d\client\default\x64\debug\imgui_manager.obj
c:\nslt_3d\client\default\x64\debug\golemhead.obj
c:\nslt_3d\client\default\x64\debug\effect_startle.obj
c:\nslt_3d\client\default\x64\debug\effect_dizzy.obj
c:\nslt_3d\client\default\x64\debug\effect_checkpoint.obj
c:\nslt_3d\client\default\x64\debug\collectible_coin.obj
c:\nslt_3d\client\default\x64\debug\collectibles_boss.obj
c:\nslt_3d\client\default\x64\debug\coineffect.obj
c:\nslt_3d\client\default\x64\debug\camera_player.obj
c:\nslt_3d\client\default\x64\debug\burrow_player.obj
c:\nslt_3d\client\default\x64\debug\body_player.obj
c:\nslt_3d\client\default\x64\debug\anim_guard.obj
c:\nslt_3d\client\default\x64\debug\anim_golemhead.obj
c:\nslt_3d\client\default\x64\debug\anim_boss.obj
c:\nslt_3d\client\default\x64\debug\anim_foxhole.obj
c:\nslt_3d\client\default\x64\debug\anim_checkpoint.obj
c:\nslt_3d\client\default\x64\debug\anim_babygolem.obj
c:\nslt_3d\client\default\x64\debug\nohead2.obj
c:\nslt_3d\client\default\x64\debug\nohead1.obj
c:\nslt_3d\client\default\x64\debug\movingwall.obj
c:\nslt_3d\client\default\x64\debug\monster_crumbler.obj
c:\nslt_3d\client\default\x64\debug\monster_crumbleb.obj
c:\nslt_3d\client\default\x64\debug\monster.obj
c:\nslt_3d\client\default\x64\debug\modelobjects_boss.obj
c:\nslt_3d\client\default\x64\debug\modelobjects.obj
c:\nslt_3d\client\default\x64\debug\mazedoor_r.obj
c:\nslt_3d\client\default\x64\debug\mazedoor.obj
c:\nslt_3d\client\default\x64\debug\mazebell.obj
c:\nslt_3d\client\default\x64\debug\main_nslt.obj
c:\nslt_3d\client\default\x64\debug\mainapp.obj
c:\nslt_3d\client\default\x64\debug\loading_logo.obj
c:\nslt_3d\client\default\x64\debug\loading_gear.obj
c:\nslt_3d\client\default\x64\debug\loader.obj
c:\nslt_3d\client\default\x64\debug\level_main.obj
c:\nslt_3d\client\default\x64\debug\level_loading.obj
c:\nslt_3d\client\default\x64\debug\level_gameplay.obj
c:\nslt_3d\client\default\x64\debug\camera_free.obj
c:\nslt_3d\client\default\x64\debug\woodencrate.obj
c:\nslt_3d\client\default\x64\debug\ui_luckyletters.obj
c:\nslt_3d\client\default\x64\debug\ui_luckycomplete.obj
c:\nslt_3d\client\default\x64\debug\ui_lucky.obj
c:\nslt_3d\client\default\x64\debug\ui_lives.obj
c:\nslt_3d\client\default\x64\debug\ui_heart_outline.obj
c:\nslt_3d\client\default\x64\debug\ui_heart_filling.obj
c:\nslt_3d\client\default\x64\debug\ui_coins.obj
c:\nslt_3d\client\default\x64\debug\ui_clover_question.obj
c:\nslt_3d\client\default\x64\debug\ui_clover_paw.obj
c:\nslt_3d\client\default\x64\debug\ui_clover_l.obj
c:\nslt_3d\client\default\x64\debug\ui_clover_check.obj
c:\nslt_3d\client\default\x64\debug\terrain.obj
c:\nslt_3d\client\default\x64\debug\spring_mushroom.obj
c:\nslt_3d\client\default\x64\debug\sky.obj
c:\nslt_3d\client\default\x64\debug\player.obj
c:\nslt_3d\client\default\x64\debug\particle_snow.obj
c:\nslt_3d\client\default\x64\debug\particle_log.obj
c:\nslt_3d\client\default\x64\debug\particle_explosion.obj
c:\nslt_3d\client\default\x64\debug\nohead3.obj
c:\nslt_3d\client\default\x64\debug\stage1_bg.obj
c:\nslt_3d\client\default\x64\debug\puzzle_defines.obj
c:\nslt_3d\client\default\x64\debug\gameplay_defines.obj
c:\nslt_3d\client\default\x64\debug\client.obj
c:\nslt_3d\client\default\x64\debug\imgui_widgets.obj
c:\nslt_3d\client\default\x64\debug\imgui_tables.obj
c:\nslt_3d\client\default\x64\debug\imgui_impl_win32.obj
c:\nslt_3d\client\default\x64\debug\imgui_impl_dx11.obj
c:\nslt_3d\client\default\x64\debug\imgui_draw.obj
c:\nslt_3d\client\default\x64\debug\imgui_demo.obj
c:\nslt_3d\client\default\x64\debug\imgui.obj
c:\nslt_3d\client\default\x64\debug\imsequencer.obj
c:\nslt_3d\client\default\x64\debug\imguizmo.obj
c:\nslt_3d\client\default\x64\debug\imgradient.obj
c:\nslt_3d\client\default\x64\debug\imcurveedit.obj
c:\nslt_3d\client\default\x64\debug\grapheditor.obj
c:\nslt_3d\client\default\x64\debug\woodencrate_triple.obj
c:\nslt_3d\client\default\x64\debug\woodencrate_heart.obj
c:\nslt_3d\client\bin\shader_vtxanimmesh.cso
c:\nslt_3d\client\bin\shader_vtxcube.cso
c:\nslt_3d\client\bin\shader_vtxmesh.cso
c:\nslt_3d\client\bin\shader_vtxmeshinstance.cso
c:\nslt_3d\client\bin\shader_vtxnortex.cso
c:\nslt_3d\client\bin\shader_vtxpointinstance.cso
c:\nslt_3d\client\bin\shader_vtxpostex.cso
c:\nslt_3d\client\bin\shader_vtxrectinstance.cso
c:\nslt_3d\client\bin\client.exe
c:\nslt_3d\client\bin\client.pdb
c:\nslt_3d\client\default\x64\debug\client.res
c:\nslt_3d\client\default\x64\debug\client.ilk
c:\nslt_3d\client\default\x64\debug\client.tlog\cl.command.1.tlog
c:\nslt_3d\client\default\x64\debug\client.tlog\cl.items.tlog
c:\nslt_3d\client\default\x64\debug\client.tlog\cl.read.1.tlog
c:\nslt_3d\client\default\x64\debug\client.tlog\cl.write.1.tlog
c:\nslt_3d\client\default\x64\debug\client.tlog\fxc.command.1.tlog
c:\nslt_3d\client\default\x64\debug\client.tlog\fxc.read.1.tlog
c:\nslt_3d\client\default\x64\debug\client.tlog\fxc.write.1.tlog
c:\nslt_3d\client\default\x64\debug\client.tlog\link.command.1.tlog
c:\nslt_3d\client\default\x64\debug\client.tlog\link.read.1.tlog
c:\nslt_3d\client\default\x64\debug\client.tlog\link.secondary.1.tlog
c:\nslt_3d\client\default\x64\debug\client.tlog\link.write.1.tlog
c:\nslt_3d\client\default\x64\debug\client.tlog\rc.command.1.tlog
c:\nslt_3d\client\default\x64\debug\client.tlog\rc.read.1.tlog
c:\nslt_3d\client\default\x64\debug\client.tlog\rc.write.1.tlog
